arsene-chabanian.json not found.
houshang-seyhoun.json not found.
vilmos-abanovak.json not found.
gosta-adriannilsson.json not found.
stepan-aghajanian.json not found.
alexander-bazhbeukmelikyan.json not found.
jose-de-almadanegreiros.json not found.
sir-lawrence-almatadema.json not found.
andrepierre-arnal.json not found.
yeranuhi-aslamazian.json not found.
jeanmichel-atlan.json not found.
minas-avetisyan.json not found.
ayo.json not found.
francois-barraud.json not found.
jeanmichel-basquiat.json not found.
lavinia-bazhbeukmelikyan.json not found.
ford-beckman.json not found.
marieguillemine-benoist.json not found.
jean-beraud.json not found.
roger-bissiere.json not found.
arnold-bocklin.json not found.
nikolay-bogdanovbelsky.json not found.
boris-ghendrich.json not found.
victor-borisovmusatov.json not found.
williamadolphe-bouguereau.json not found.
frederick-arthur-bridgman.json not found.
edward-burnejones.json not found.
dino-buzzati-traverso.json not found.
mario-carreno-morales.json not found.
henri-cartierbresson.json not found.
jeanbaptistesimeon-chardin.json not found.
carlludwig-johann-christineck.json not found.
cope.json not found.
henriedmond-cross.json not found.
carlos-cruzdiez.json not found.
antonio-de-carvalho-da-silva-porto.json not found.
shevket-dag.json not found.
chang-daichien.json not found.
allan-darcangelo.json not found.
charlesfrancois-daubigny.json not found.
jacqueslouis-david.json not found.
montague-dawson.json not found.
nicolas-de-stael.json not found.
edouard-debatponsan.json not found.
felix-del-marle.json not found.
liz-deschenes.json not found.
narcissevirgilio-diaz.json not found.
erik-dietman.json not found.
albert-duboispillet.json not found.
jeanfrancois-dubreuil.json not found.
eugeniusz-zak.json not found.
ervand-kochar.json not found.
mc-escher.json not found.
fab-five-freddy.json not found.
henri-fantinlatour.json not found.
thalia-florakaravia.json not found.
jeanhonore-fragonard.json not found.
futura-two-thousand.json not found.
akseli-gallenkallela.json not found.
vruir-galstian.json not found.
horacio-garciarossi.json not found.
jeanleon-gerome.json not found.
hr-giger.json not found.
annelouis-girodet.json not found.
migirdic-givanian.json not found.
dominique-gonzalezfoerster.json not found.
felix-gonzaleztorres.json not found.
eugene-grasset.json not found.
matthias-grunewald.json not found.
pierrenarcisse-guerin.json not found.
gabriel-gyurdzhyan.json not found.
nikos-hadjikyriakosghikas.json not found.
jacques-herold.json not found.
melchior-dhondecoeter.json not found.
mf-husain.json not found.
ay-jackson.json not found.
jeanbaptiste-greuze.json not found.
jeanpaul-jerome.json not found.
wyatt-kahn.json not found.
kamalolmolk.json not found.
jean-carzou.json not found.
ian-kiaer.json not found.
kim-tschangyeul.json not found.
hakob-kojoyan.json not found.
aladar-korosfoikriesch.json not found.
julio-larraz.json not found.
jeanpaul-laurens.json not found.
silvestro-lega.json not found.
andre-lhote.json not found.
loongkoonan.json not found.
emmanuel-mahtesyan.json not found.
inigo-manglanoovalle.json not found.
conrad-marcarelli.json not found.
janos-mattisteutsch.json not found.
lucolivier-merson.json not found.
amir-vala-meshkin.json not found.
mestre-ataide.json not found.
gregoire-michonze.json not found.
jeanfrancois-millet.json not found.
misstic.json not found.
paula-modersohnbecker.json not found.
laszlo-moholynagy.json not found.
ron-mueck.json not found.
sarkis-muradyan.json not found.
zuhtu-muridoglu.json not found.
jeanmarc-nattier.json not found.
john-oconnor.json not found.
georgia-okeeffe.json not found.
hikmet-onat.json not found.
anna-ostroumovalebedeva.json not found.
jeanbaptiste-oudry.json not found.
akbar-padamsee.json not found.
john-f-peto.json not found.
kuzma-petrovvodkin.json not found.
phase-two.json not found.
giuseppe-pinotgallizio.json not found.
rogelio-polesello.json not found.
richard-pousettedart.json not found.
pierrepaul-prudhon.json not found.
albert-rafolscasamada.json not found.
mari-rantanen.json not found.
raphael-chichmanian.json not found.
jeanpierre-raynaud.json not found.
pierreauguste-renoir.json not found.
georges-ribemontdessaignes.json not found.
martin-rico-y-ortega.json not found.
jeanpaul-riopelle.json not found.
jozsef-ripplronai.json not found.
reiner-ruthenbeck.json not found.
suren-safaryan.json not found.
kikuo-saito.json not found.
guilherme-de-santarita.json not found.
sarkis-diranian.json not found.
karl-schmidtrottluff.json not found.
friedrich-schrodersonnenstern.json not found.
rudolf-schweitzercumpana.json not found.
park-seobo.json not found.
amrita-shergil.json not found.
jeanclaude-silbermann.json not found.
elisabetta-sirani.json not found.
hong-songdam.json not found.
joaquin-sorolla.json not found.
amadeo-de-souzacardoso.json not found.
doho-suh.json not found.
seok-suh.json not found.
sophie-taeuberarp.json not found.
ruben-talberg.json not found.
pierre-talcoat.json not found.
chu-tehchun.json not found.
ion-theodorescusion.json not found.
henri-de-toulouselautrec.json not found.
albert-trachsel.json not found.
wenying-tsai.json not found.
kamal-uddin-behzad.json not found.
vahram-gayfedzhyan.json not found.
meyer-vaisman.json not found.
manolo-valdes.json not found.
anne-vallayercoster.json not found.
jose-maria-velasco-gomez.json not found.
josephmarie-vien.json not found.
jacques-villegle.json not found.
mariedenise-villers.json not found.
oswaldo-viteri.json not found.
elsa-von-freytagloringhoven.json not found.
friedrich-vordembergegildewart.json not found.
ferdinand-georg-waldmuller.json not found.
franz-west.json not found.
zao-wouki.json not found.
nc-wyeth.json not found.
ibrahim-yildiz.json not found.
li-yuanchia.json not found.
vazgen-zakharyan.json not found.
zimoun.json not found.
zhan-karzu.json not found.
-------------------------
arts-0 10055 exported
arts-1 10531 exported
arts-2 10051 exported
arts-3 10006 exported
arts-4 10110 exported
arts-5 10025 exported
arts-6 10072 exported
arts-7 10008 exported
arts-8 10183 exported
arts-9 10041 exported
arts-10 10101 exported
arts-11 10068 exported
arts-12 10008 exported
arts-13 2247 exported
