aargauer-kunsthaus download
abbot-hall-art-gallery download
abeggstiftung download
aberdeen-art-gallery--museum download
abramtsevo download
stadtisches-museum-abteiberg download
academy-of-fine-arts-vienna download
academy-of-fine-arts download
accademia-albertina download
accademia-carrara-museum download
accademia-ligustica-di-belle-arti-di-genova download
national-academy-of-san-luca download
ackland-art-museum download
addison-gallery-of-american-art download
adelson-galleries download
aga-khan-museum download
galereya-ayvazovskogo download
akron-art-museum download
albany-institute-of-history--art download
albertina download
albrechtkemper-museum-of-art download
albrightknox-art-gallery 'ascii' codec can't encode character '\u2013' in position 18: ordinal not in range(128)
galerie-vomel-gmbh 'ascii' codec can't encode character '\xf6' in position 16: ordinal not in range(128)
alexander-nevsky-lavra download
alexandre-gallery download
the-allahabad-museum download
allen-memorial-art-museum download
allenbach-collection unknown url type: 'NA'
allentown-art-museum download
gosudarstvennyy-khudozhestvennyy-muzey-altayskogo-kraya download
alte-nationalgalerie download
alte-pinakothek download
capitoline-museums download
stadel-museum 'ascii' codec can't encode character '\xe4' in position 12: ordinal not in range(128)
amherst-college download
amon-carter-museum-of-american-art download
amsterdam-museum download
galerie-andre-francois-petit 'ascii' codec can't encode character '\xe9' in position 13: ordinal not in range(128)
angermuseum download
anglesey-abbey download
anglesey-abbey download
annina-nosei-gallery unknown url type: 'NA'
antonio-russo-collection unknown url type: 'NA'
apartment-museum-of-joseph-brodsky unknown url type: 'NA'
appleton-museum-of-art download
apsley-house download
archbishops-chapel-of-st-andrew download
arkansas-arts-center download
museumestate-arkhangelskoye download
arnot-art-museum download
arpmuseum download
art-gallery-of-new-south-wales download
art-gallery-of-ontario download
art-gallery-of-south-australia download
art-gallery-of-wa download
the-art-institute-of-chicago download
banffy-palace download
art-museum-of-georgia download
art-sulture-of-russian-north-museum unknown url type: 'NA'
arthur-m-sackler-gallery download
arundel-castle download
ascott-house download
ashmolean-museum download
the-asiatic-society download
uspenskiy-sobor download
astrup-fearnley-museum-of-modern-art download
ateneum download
the-atkinson download
auckland-art-gallery-toi-o-tamaki 'ascii' codec can't encode character '\u0101' in position 38: ordinal not in range(128)
augustinermuseum download
aurora-art-fund unknown url type: 'NA'
austrian-national-library download
bundner-kunstmuseum 'ascii' codec can't encode character '\xfc' in position 11: ordinal not in range(128)
bakerberry-library download
theater-museum-aa-bakhrushina download
balbina-azcarraga-collection unknown url type: 'NA'
david-owsley-museum-of-art download
balla-collection unknown url type: 'NA'
baltimore-museum-of-art download
fundacion-banco-santander download
banco-de-mexico--fabrica-de-billetes download
barbara-piaseckajohnson-collection-princeton-univercity unknown url type: 'NA'
the-barber-institute-of-fine-arts download
barbersurgeons-hall download
barcelona-museum-of-contemporary-art download
bargello-national-museum download
arboretum-of-the-barnes-foundation download
national-museum-of-the-republic-of-bashkortostan download
basil-p-and-elise-goulandris-collection unknown url type: 'NA'
basilica-dei-santi-giovanni-e-paolo download
sanctuary-of-the-holy-house-of-loreto download
the-ss-annunziata-di-firenze download
basilica-di-san-lorenzo download
san-marco-museum download
saint-marks-basilica download
basilica-di-san-zeno-maggiore download
basilica-of-santa-croce-in-florence download
basilica-of-san-francesco-dassisi download
chiesa-di-san-domenico download
basilica-di-s-francesco download
museo-san-francisco-el-grande download
basilica-di-santagostino-in-campo-marzio download
basilica-of-san-domenico download
musee-basque download
bayerische-staatsbibliothek download
bayerische-staatsgemaldesammlungen download
beaverbrook-art-gallery download
museum-behnhaus-dragerhaus download
belarusian-national-arts-museum download
belfius--cinquantenaire download
galleria-regionale-di-palazzo-bellomo download
belvedere-palace download
belvoir-castle download
hotel-dassezat-fondation-georges-bemberg 'ascii' codec can't encode character '\xf4' in position 11: ordinal not in range(128)
museu-colecao-berardo download
villa-i-tatti download
bergen-billedgalleri unknown url type: 'NA'
kode--kode-kunstmuseer-og-komponisthjem download
berkshire-museum download
berry-hill-gallery download
fondation-beyeler download
banaras-hindu-university download
ambrosian-library download
biblioteca-nazionale-marciana download
biblioteca-marucelliana download
national-library-of-spain 'ascii' codec can't encode character '\xf1' in position 37: ordinal not in range(128)
the-francoismitterrand-library 'ascii' codec can't encode character '\xe8' in position 18: ordinal not in range(128)
bibliotheque-de-linstitut-national-dhistoire-de-lart-inha download
historical-library-of-the-city-of-paris 'ascii' codec can't encode character '\xe8' in position 18: ordinal not in range(128)
museum-of-fine-arts-of-bilbao download
biltmore download
birmingham-museum--art-gallery download
birmingham-museum-of-art download
blackburn-museum--art-gallery download
blanton-museum-of-art download
blickling-estate download
bob-jones-university download
boca-raton-museum-of-art download
bode-museum download
bode-museum unknown url type: 'NA'
bolton-museum-aquarium-and-archive download
bonnefantenmuseum download
bonniers-konsthall download
borghese-gallery-and-museum download
boston-athenaeum download
charlestown-branch-of-the-boston-public-library download
bowdoin-college-museum-of-art download
bowers-museum download
the-bowes-museum download
brucke-museum 'ascii' codec can't encode character '\xfc' in position 12: ordinal not in range(128)
galerie-brachot download
cartwright-hall download
brandywine-river-museum-of-art download
museum-bredius download
bridgestone-museum-of-art download
brigham-young-university-museum-of-art download
bristol-museum--art-gallery download
british-council download
the-british-library download
the-british-museum download
eli-broad-college-of-business download
the-broad download
brooklyn-museum download
brotherton-library-university-of-leeds download
muzeul-national-brukenthal download
bryn-mawr-college download
library-of-the-museum-of-fine-arts download
buffalo-bill-center-of-the-west download
burghley-house download
the-burrell-collection download
bury-art-museum download
buryat-republican-art-museum unknown url type: 'NA'
buschreisinger-museum download
buscot-park download
the-butler-institute-of-american-art download
ca-pesaro-international-gallery-of-modern-art download
ca-rezzonico download
ca-doro download
museu-calouste-gulbenkian download
canadian-war-museum download
cannon-hall-museum-park-and-gardens download
royal-chapel-of-granada download
funcave-fundacion-hospital-ntra-sra-de-la-caridad-benefica-de-vega 'ascii' codec can't encode character '\xf1' in position 33: ordinal not in range(128)
capitole-de-toulouse download
capitoline-museums download
santa-maria-dei-carmini--santa-maria-del-carmelo download
carnavalet-museum download
carnegie-museum-of-art download
casa-buonarroti download
museo-casa-giorgione download
casino-ludovisi download
fondazione-cassa-di-risparmio-di-prato download
castel-santangelo download
castelvecchio-museum download
saintlazare-cathedral download
metz-cathedral download
cathedral-of-our-lady-antwerp download
cathedral-of-the-annunciation download
museu-del-cau-ferrat download
centraal-museum download
central-naval-museum download
castle-of-blerancourt-francoamerican-museum 'ascii' codec can't encode character '\xe9' in position 12: ordinal not in range(128)
palais-de-compiegne 'ascii' codec can't encode character '\xe2' in position 12: ordinal not in range(128)
chateau-musee-de-dieppe 'ascii' codec can't encode character '\xe2' in position 12: ordinal not in range(128)
chateau-de-malmaison 'ascii' codec can't encode character '\xe2' in position 12: ordinal not in range(128)
national-museum-and-the-chateau-de-pau--official 'ascii' codec can't encode character '\xe2' in position 12: ordinal not in range(128)
palace-of-versailles download
castle-museum-of-boulognesurmer 'ascii' codec can't encode character '\xe2' in position 12: ordinal not in range(128)
the-rosary-chapel download
universidad-autonoma-chapingo download
british-institute-of-international--comparative-law download
chatsworth-house download
chester-beatty-library download
museu-nacional-de-arte-contemporanea--museu-do-chiado download
chiesa-dei-santi-ambrogio-e-andrea-detta-del-gesu 'ascii' codec can't encode character '\xf9' in position 24: ordinal not in range(128)
chimei-museum download
christ-church unknown url type: 'NA'
kereszteny-muzeum download
chrysler-museum-of-art download
santa-maria-delle-grazie download
church-of-our-lady-bruges download
church-of-saints-nazarius-and-celsus download
chuvash-state-opera-and-ballet-theatre download
cincinnati-art-museum download
cintas-foundation-inc download
council-picture-gallery-in-vitellis-palace-alla-cannoniera 'ascii' codec can't encode character '\xe0' in position 35: ordinal not in range(128)
clark-art-institute download
clemens-sels-museum download
cleveland-museum-of-art download
colegio-de-nuestra-senora-de-la-antigua-pp-escolapios 'ascii' codec can't encode character '\xf1' in position 28: ordinal not in range(128)
collegio-alberoni download
nobile-collegio-del-cambio download
museum-of-fine-arts download
columbia-museum-of-art download
columbia-university download
columbus-museum-of-art download
the-national-congress-palace download
san-domenico-di-fiesole download
monastero-di-san-paolo download
cooper-hewitt-smithsonian-design-museum download
corcoran-school-of-the-arts--design-at-gw download
the-courtauld-gallery download
the-courtauld-institute-of-art download
cranachhauser-und-cranachhofe 'ascii' codec can't encode character '\xf6' in position 19: ordinal not in range(128)
crystal-bridges-museum-of-american-art download
cummer-museum-of-art--gardens download
currier-museum-of-art download
muzeum-xx-czartoryskich-w-krakowie download
dagestan-museum-of-fine-arts download
dahesh-museum-of-art download
dali-theatremuseum 'ascii' codec can't encode character '\xed' in position 13: ordinal not in range(128)
dallas-museum-of-art download
daniel-filipacchi-collection unknown url type: 'NA'
malingue download
daros-latinamerica-ag download
davis-museum download
the-dayton-art-institute download
de-pont download
delaware-art-museum download
denver-art-museum download
derby-museum--art-gallery download
des-moines-art-center download
detroit-institute-of-arts download
museo-diocesano-del-capitolo download
dnipropetrovsk-museum-of-fine-arts unknown url type: 'NA'
museo-dolores-olmedo download
dordrechts-museum download
dormition-church-on-gorodok unknown url type: 'NA'
dublin-city-gallery-the-hugh-lane download
duke-of-berwick-and-alba-collection unknown url type: 'NA'
dulwich-picture-gallery download
dumbarton-oaks-museum download
dunedin-public-art-gallery download
duomo-di-castelfranco-veneto download
cathedral-of-santa-maria-del-fiore download
duomo-di-orvieto download
cattedrale-di-parma download
duomo-di-siena download
duomo-di-spoleto download
foundation-eg-buhrle 'ascii' codec can't encode character '\xfc' in position 27: ordinal not in range(128)
ekaterinburg-museum-of-fine-arts download
el-escorial download
museo-del-greco download
el-paso-museum-of-art download
ermita-de-san-antonio-de-la-florida download
ernesto-blohm-collection unknown url type: 'NA'
centro-deportivo-municipal-escuelas-de-san-anton 'ascii' codec can't encode character '\xed' in position 20: ordinal not in range(128)
evansville-museum download
musee-dart-dhistoire-et-darcheologie 'ascii' codec can't encode character '\xc9' in position 10: ordinal not in range(128)
f-hagemann-collection unknown url type: 'NA'
fac-guepin-estate unknown url type: 'NA'
faggionato-ltd download
falmouth-art-gallery download
far-eastern-art-museum download
musee-faure download
feilchenfeldt-collection unknown url type: 'NA'
zentrum-paul-klee download
fenton-house download
ferens-art-gallery download
fine-arts-museums-of-san-francisco download
finnish-national-gallery download
fitzwilliam-museum download
flint-institute-of-arts download
harvard-art-museums download
museum--museum-folkwang download
citibanamex-culture-palace-palacio-de-iturbide download
magnani-rocca-foundation download
fondazione-di-studi-di-storia-dellarte-roberto-longhi download
the-foundling-museum download
fortress-rosenberg-kronach 'ascii' codec can't encode character '\xe4' in position 12: ordinal not in range(128)
francois-odermatt-collection unknown url type: 'NA'
frances-lehman-loeb-art-center download
frans-hals-museum download
fred-jones-jr-museum-of-art download
freer-gallery-of-art download
the-frick-collection download
frida-kahlo-museum download
schloss-friedenstein-gotha download
frisian-museum download
taka-ishii-gallery-tokyo 'ascii' codec can't encode character '\u014d' in position 43: ordinal not in range(128)
fukuoka-asian-art-museum download
ged-nahmad-collection unknown url type: 'NA'
gosta-serlachius-museum-museum-of-art 'ascii' codec can't encode character '\xf6' in position 11: ordinal not in range(128)
castle-of-pubol 'ascii' codec can't encode character '\xed' in position 27: ordinal not in range(128)
galerie-jan-krugier unknown url type: 'NA'
old-masters-picture-gallery download
sammlung-rosengart download
galleria-doria-pamphilj download
national-gallery-of-modern-and-contemporary-art download
galleria-regionale-di-palazzo-bellomo download
modern-art-gallery download
academy-of-florence-art-gallery download
gallerie-dellaccademia download
civic-gallery-of-modern-and-contemporary-art download
geelong-gallery download
old-masters-picture-gallery 'ascii' codec can't encode character '\xe4' in position 13: ordinal not in range(128)
gemaldegalerie 'ascii' codec can't encode character '\xe4' in position 13: ordinal not in range(128)
gemeentemuseum-den-haag download
palau-de-la-generalitat-de-catalunya download
george-krevsky-gallery unknown url type: 'NA'
the-centre-pompidou download
germanisches-nationalmuseum download
kelvingrove-art-gallery-and-museum download
russian-national-museum-of-music download
golestan-palace download
gothenburg-artmuseum download
state-hermitage-museum download
stiftung-gottfried-keller-zentrum download
government-museum-and-art-gallery download
musee-goya download
palais-grandducal download
grand-palais download
the-grand-trianon download
graves-gallery download
gregory-gallery download
gripsholm-castle download
groeninge-museum download
groninger-museum download
guildhall-art-gallery download
galeria-guillermo-de-osma 'ascii' codec can't encode character '\xe1' in position 20: ordinal not in range(128)
musee-national-des-arts-asiatiques-guimet download
haggerty-museum-of-art download
haggin-museum download
hamburger-bahnhof download
university-of-california-los-angeles download
hampton-court-palace download
hampton-university-museum download
harold-h-stream-collection unknown url type: 'NA'
harris-museum--art-gallery download
harry-ransom-center download
harvard-art-museums download
hearst-castle download
the-hebrew-university-of-jerusalem download
hecht-museum download
helly-nahmad-gallery download
helsinki-city-museum download
henie-onstad-art-center download
henri-rouart-collection unknown url type: 'NA'
henry-w-bloch-collection unknown url type: 'NA'
herbert-art-gallery--museum download
herbert-f-johnson-museum-of-art download
herzog-anton-ulrich-museum download
hessisches-landesmuseum-darmstadt download
the-higgins-bedford download
high-museum-of-art download
hillstead-museum 'ascii' codec can't encode character '\u2013' in position 14: ordinal not in range(128)
the-rita-and-alex-hillman-foundation download
hillwood-estate-museum--gardens download
hiroshima-museum-of-art download
hirschsprung-collection download
hirshhorn-museum download
hispanic-society-museum--library download
historical-museum-of-crete download
historical-society-of-pennsylvania download
the-holburne-museum download
syros download
holy-spirit-church unknown url type: 'NA'
honolulu-museum-of-art download
hood-museum-of-art download
hoover-gallery unknown url type: 'NA'
horlivka-museum-of-fine-arts unknown url type: 'NA'
hoteldieu-museum download
hospital-tavera download
hospital-de-la-caridad download
hungarian-national-museum download
hunter-museum-of-american-art download
hunterian-art-gallery download
the-huntington-library-art-collections-and-botanical-gardens download
the-hyde-collection download
church-of-santa-maria-assunta-or-jesuits download
ian-woodner-family-collection unknown url type: 'NA'
ikeda--seiki-museum download
imperial-academy-of-arts download
imperial-war-museum download
iari-pusa-campus download
newfields download
institut-de-france download
instituto-valencia-de-don-juan download
intercession-of-the-theotokos-church unknown url type: 'NA'
ipswich-museum download
iris--b-gerald-cantor-center-for-visual-arts download
irkutskiy-oblastnoy-khudozhestvennyy-muzey-im-vp-sukacheva download
irving-mitchell-felt-collection unknown url type: 'NA'
isabella-stewart-gardner-museum download
the-parliament-of-iran download
the-israel-museum-jerusalem download
merdeka-palace download
the-getty download
the-francoismitterrand-library download
jacques-and-natasha-gelman-collection unknown url type: 'NA'
acharya-jagadish-chandra-bose-indian-botanic-garden download
jagdschloss-grunewald download
jersey-heritage download
the-jewish-museum download
joan-miro-foundation 'ascii' codec can't encode character '\xf3' in position 17: ordinal not in range(128)
johannesburg-art-gallery download
the-john-and-mable-ringling-museum-of-art download
johns-hopkins-university download
jose-domingo-and-eugenia-lavin-collection unknown url type: 'NA'
joslyn-art-museum download
kalmytskiy-gosudarstvennyy-universitet download
kaluga-museum-of-fine-arts download
kasama-nichido-museum-of-art 'ascii' codec can't encode character '\u014d' in position 23: ordinal not in range(128)
keble-college download
kedzhrivala-collection unknown url type: 'NA'
kelmscott-manor download
kelvingrove-art-gallery-and-museum download
kenwood-house download
kharbine-tapabor unknown url type: 'NA'
mf-sumtsov-kharkiv-historical-museum download
museum-of-contemporary-art-kiasma download
kimbell-art-museum download
kingston-lacy-house download
kirkcaldy-galleries download
vyatka-art-museum-vm-i-am-vasnetsov download
kisters-collection unknown url type: 'NA'
kitakyushu-city-museum download
fischer-konrad-galerie download
kornfeld-collection unknown url type: 'NA'
krollermuller-museum 'ascii' codec can't encode character '\xf6' in position 12: ordinal not in range(128)
krannert-art-museum download
krasnodarskiy-krayevoy-khudozhestvennyy-muzey-imeni-kovalenko download
the-kreeger-museum download
armoury-chamber download
kress-collection unknown url type: 'NA'
kromeriz-archbishops-palace 'ascii' codec can't encode characters in position 14-17: ordinal not in range(128)
izumishi-kuboso-memorial-museum-of-arts-izumi 'ascii' codec can't encode character '\u014d' in position 15: ordinal not in range(128)
eesti-kunstimuuseum download
kunst-haus-wien-museum-hundertwasser download
kunsthalle-bremen download
kunsthalle-hamburg download
kunsthalle-mannheim download
kunsthalle-weishaupt download
kunsthalle-winterthur download
kunsthandel-ivo-bouwman-bv download
kunsthaus-zurich 'ascii' codec can't encode character '\xfc' in position 21: ordinal not in range(128)
kunsthistorisches-museum-wien download
kaiser-wilhelm-museum download
fine-arts-museum-basel download
kunstmuseum-bern download
kunst-museum-bonn-museumsmeile download
kunstmuseum-liechtenstein download
kunstmuseum download
kunstmuseum-stgallen download
kunst-museum-winterthur--beim-stadthaus download
k-kunstsammlung-nordrheinwestfalen download
kupferstichkabinett download
kupferstichkabinett download
kurpfalzisches-museum 'ascii' codec can't encode character '\xe4' in position 15: ordinal not in range(128)
kursk-state-art-gallery-deyneka-museum unknown url type: 'NA'
kutaisi-state-historical-museum download
la-piscine--musee-dart-et-dindustrie-andre-diligent-de-roubaix download
teatro-alla-scala-museum download
lady-lever-art-gallery download
laing-art-gallery download
museum-langmatt download
latvian-national-museum-of-art download
lauren-rogers-museum-of-art download
musee-departemental-maurice-denis 'ascii' codec can't encode character '\xe9' in position 13: ordinal not in range(128)
leeds-art-gallery download
legion-of-honor download
leighton-house-museum download
lenbachhaus download
leopold-museum download
library-of-congress download
lam download
lindenaumuseum-altenburg download
lisson-gallery download
lithuanian-art-museum download
llandaff-cathedral download
los-angeles-county-museum-of-art download
galerie-louise-leiris download
louisiana-museum-of-modern-art download
louvre-museum download
lowe-art-museum download
landesmuseum-hannover download
lublin-castle download
ludwig-forum-for-international-art 'ascii' codec can't encode character '\xfc' in position 24: ordinal not in range(128)
lutherhaus-wittenberg download
lviv-national-art-gallery--borys-voznytsky download
national-museum-in-lviv-a-sheptytsky-nd-building download
mt-abraham-foundation unknown url type: 'NA'
the-maas-gallery download
madison-museum-of-contemporary-art download
church-of-madonna-dellorto download
fondation-maeght download
magritte-museum download
maier-museum-of-art download
maison-de-balzac download
malmo-art-museum 'ascii' codec can't encode character '\xf6' in position 14: ordinal not in range(128)
manchester-art-gallery download
maria-felix-collection unknown url type: 'NA'
maria-rodriquez-de-reyero-collection unknown url type: 'NA'
torre-de-los-lujanes download
museo-masaccio download
massachusetts-historical-society download
mateu-collection unknown url type: 'NA'
musee-departemental-matisse download
matsuoka-museum-of-art download
mauritshuis download
the-mayor-gallery download
mcnay-art-museum download
mead-art-museum download
meadows-museum download
sintjanshospitaal download
memorial-art-gallery download
menard-museum download
the-menil-collection download
foundation-eg-buhrle download
the-metropolitan-museum-of-art download
michael-c-carlos-museum download
michel-petitjean-collection unknown url type: 'NA'
minneapolis-institute-of-art download
minnesota-marine-art-museum download
modern-art-museum-of-fort-worth download
moderna-museet download
mogilev-museum-of-regional-studies unknown url type: 'NA'
mahmoud-khalil-museum download
convento-de-santo-domingo-el-antiguo download
the-fine-arts-zanabazar-museum download
cathedrale-notre-dame-de-montauban download
the-montreal-museum-of-fine-arts download
the-morgan-library--museum download
moscow-p-i-tchaikovsky-conservatory download
moskovskiy-muzey-sovremennogo-iskusstva download
moscow-art-theatre download
mount-holyoke-college-art-museum download
museum-schloss-moyland download
mucha-museum download
munchmuseet download
murauchi-art-museum download
musee-angladon--collection-jacques-doucet 'ascii' codec can't encode character '\xe9' in position 13: ordinal not in range(128)
musee-bonnathelleu-museum-of-fine-arts-bayonne 'ascii' codec can't encode character '\xe9' in position 13: ordinal not in range(128)
musee-calvet download
musee-cantonal-des-beauxarts download
cognacqjay-museum 'ascii' codec can't encode character '\xe9' in position 13: ordinal not in range(128)
chateau-de-chantilly 'ascii' codec can't encode character '\xe9' in position 13: ordinal not in range(128)
musee-gustave-courbet download
musee-daubigny 'ascii' codec can't encode character '\xe7' in position 22: ordinal not in range(128)
eugene-boudin-museum download
musee-fabre 'ascii' codec can't encode character '\xe9' in position 13: ordinal not in range(128)
musee-fragonard 'ascii' codec can't encode character '\xe9' in position 13: ordinal not in range(128)
musee-granet 'ascii' codec can't encode character '\xe9' in position 13: ordinal not in range(128)
musee-grobetlabadie 'ascii' codec can't encode character '\xe9' in position 13: ordinal not in range(128)
ingres-museum-closed-for-renovation-until- 'ascii' codec can't encode character '\xe9' in position 13: ordinal not in range(128)
musee-jacquemartandre 'ascii' codec can't encode character '\xe9' in position 13: ordinal not in range(128)
musee-jenisch-vevey 'ascii' codec can't encode character '\xe9' in position 13: ordinal not in range(128)
musee-magnin 'ascii' codec can't encode character '\xe9' in position 13: ordinal not in range(128)
museum-of-modern-art-andre-malraux 'ascii' codec can't encode character '\xe9' in position 35: ordinal not in range(128)
marmottan-monet-museum 'ascii' codec can't encode character '\xe9' in position 13: ordinal not in range(128)
musee-matisse 'ascii' codec can't encode character '\xe9' in position 13: ordinal not in range(128)
public-library download
musee-national-gustave-moreau 'ascii' codec can't encode character '\xe9' in position 13: ordinal not in range(128)
the-centre-pompidou 'ascii' codec can't encode character '\xe9' in position 13: ordinal not in range(128)
musee-picasso 'ascii' codec can't encode character '\xe9' in position 13: ordinal not in range(128)
picasso-national-museum 'ascii' codec can't encode character '\xe9' in position 13: ordinal not in range(128)
rodin-museum 'ascii' codec can't encode character '\xe9' in position 13: ordinal not in range(128)
musee-saintecroix 'ascii' codec can't encode character '\xe9' in position 13: ordinal not in range(128)
thomas-henry-museum 'ascii' codec can't encode character '\xe9' in position 13: ordinal not in range(128)
unterlinden-museum download
musee-zervos download
paris-museum-of-modern-art 'ascii' codec can't encode character '\xe9' in position 13: ordinal not in range(128)
mamco-modern-and-contemporary-art-museum download
museum-of-art-and-archaeology-senlis download
musee-dart-et-dhistoire 'ascii' codec can't encode character '\xe9' in position 13: ordinal not in range(128)
musee-dart-et-dhistoire-du-judaisme 'ascii' codec can't encode character '\xe9' in position 13: ordinal not in range(128)
musee-dart-et-dhistoire 'ascii' codec can't encode character '\xe9' in position 13: ordinal not in range(128)
musee-dart-moderne-de-ceret 'ascii' codec can't encode character '\xe9' in position 13: ordinal not in range(128)
musee-dorsay 'ascii' codec can't encode character '\xe9' in position 13: ordinal not in range(128)
musee-dart-et-dindustrie 'ascii' codec can't encode character '\xe9' in position 13: ordinal not in range(128)
musee-departemental-des-peintres-de-barbizon download
musee-des-antiquites--rouen download
musee-de-la-marine-de-loire 'ascii' codec can't encode character '\xe2' in position 24: ordinal not in range(128)
musee-des-arts-decoratifs 'ascii' codec can't encode character '\xe9' in position 13: ordinal not in range(128)
the-centre-pompidou download
musee-de-grenoble download
musee-de-picardie 'ascii' codec can't encode character '\xe9' in position 13: ordinal not in range(128)
the-army-museum 'ascii' codec can't encode character '\xe9' in position 13: ordinal not in range(128)
orangerie-museum 'ascii' codec can't encode character '\xe9' in position 13: ordinal not in range(128)
musee-de-la-chartreuse 'ascii' codec can't encode character '\xe9' in position 13: ordinal not in range(128)
musee-de-la-faience-et-des-beauxarts-de-nevers 'ascii' codec can't encode character '\xe9' in position 13: ordinal not in range(128)
musee-de-la-vie-romantique 'ascii' codec can't encode character '\xe9' in position 13: ordinal not in range(128)
musee-des-augustins 'ascii' codec can't encode character '\xe9' in position 13: ordinal not in range(128)
musee-des-beauxarts-darras 'ascii' codec can't encode character '\xe9' in position 13: ordinal not in range(128)
museum-of-fine-arts 'ascii' codec can't encode character '\xe9' in position 13: ordinal not in range(128)
musee-des-beauxarts-dagen unknown url type: 'NA'
musee-des-beauxarts 'ascii' codec can't encode character '\xe9' in position 13: ordinal not in range(128)
musee-des-beauxarts-dorleans 'ascii' codec can't encode character '\xe9' in position 13: ordinal not in range(128)
museum-of-fine-arts 'ascii' codec can't encode character '\xe9' in position 13: ordinal not in range(128)
museum-of-fine-arts-in-chartres download
museum-of-fine-arts-dijon 'ascii' codec can't encode character '\xe9' in position 13: ordinal not in range(128)
musee-des-beauxarts-de-dole download
lieu-dart-et-action-contemporaine-de-dunkerque download
musee-des-beauxarts download
musee-des-beauxarts-de-liege download
musee-des-beaux-arts download
the-lyon-museum-of-fine-arts download
museum-of-fine-arts-in-nancy download
arts-museum-of-nantes 'ascii' codec can't encode character '\xe9' in position 13: ordinal not in range(128)
museum-of-fine-arts download
musee-des-beauxarts download
museum-of-fine-arts-of-rouen 'ascii' codec can't encode character '\xe9' in position 13: ordinal not in range(128)
museum-of-fine-arts 'ascii' codec can't encode character '\xf4' in position 17: ordinal not in range(128)
strasbourg-museum-of-fine-arts 'ascii' codec can't encode character '\xe9' in position 13: ordinal not in range(128)
museum-of-fine-arts-in-valenciennes 'ascii' codec can't encode character '\xe9' in position 13: ordinal not in range(128)
musee-des-beauxarts-et-darcheologie-de-besancon 'ascii' codec can't encode character '\xe9' in position 13: ordinal not in range(128)
musee-des-ursulines 'ascii' codec can't encode character '\xe2' in position 11: ordinal not in range(128)
pole-culturel-du-monastere-des-ursulines download
musee-des-beauxarts-de-chambery 'ascii' codec can't encode character '\xe9' in position 13: ordinal not in range(128)
musee-des-beauxarts-de-marseille 'ascii' codec can't encode character '\xe9' in position 13: ordinal not in range(128)
museum-of-the-montdepiete-of-bergues download
museum-of-times 'ascii' codec can't encode character '\xe7' in position 26: ordinal not in range(128)
musee-eugene-delacroix 'ascii' codec can't encode character '\xe9' in position 13: ordinal not in range(128)
museum-camille-pissarro download
musee-cantini 'ascii' codec can't encode character '\xe9' in position 13: ordinal not in range(128)
van-buuren-museum download
fesch-museum 'ascii' codec can't encode character '\xe9' in position 13: ordinal not in range(128)
musee-maillol 'ascii' codec can't encode character '\xe9' in position 13: ordinal not in range(128)
musee-national-fernand-leger 'ascii' codec can't encode character '\xe9' in position 19: ordinal not in range(128)
musee-toulouselautrec 'ascii' codec can't encode character '\xe9' in position 13: ordinal not in range(128)
museum-of-fine-arts-and-archeology 'ascii' codec can't encode character '\xe9' in position 13: ordinal not in range(128)
musee-dart-roger-quilliot download
musee-dart-et-dhistoire 'ascii' codec can't encode character '\xe9' in position 13: ordinal not in range(128)
musee-des-beauxarts-de-quimper 'ascii' codec can't encode character '\xe9' in position 13: ordinal not in range(128)
museum-of-fine-arts-of-caen 'ascii' codec can't encode character '\xe9' in position 13: ordinal not in range(128)
musee-des-beaux-arts 'ascii' codec can't encode character '\xe9' in position 13: ordinal not in range(128)
musee-des-beauxarts 'ascii' codec can't encode character '\xe9' in position 13: ordinal not in range(128)
museo-baroffio download
museo-botero download
museo-cerralbo download
museo-civico-ala-ponzone download
museo-civico-sansepolcro download
museo-correr download
the-horne-museum download
lazaro-galdiano-museum 'ascii' codec can't encode character '\xe1' in position 21: ordinal not in range(128)
museo-mandralisca download
diego-rivera-mural-museum download
museo-nacional-centro-de-arte-reina-sofia 'ascii' codec can't encode character '\xed' in position 49: ordinal not in range(128)
museo-nacional-de-antropologia download
inba-museo-nacional-de-arte-munal 'ascii' codec can't encode character '\xe9' in position 35: ordinal not in range(128)
museo-nacional-de-bellas-artes HTTP Error 404: Not Found
museo-de-bellas-artes-cubano HTTP Error 400: Bad Request
museo-nazionale-della-magna-grecia download
museo-poldi-pezzoli download
soumaya-museum download
villa-mimbelli--museo-civico-giovanni-fattori download
museo-madre HTTP Error 404: Not Found
museo-de-arte-carrillo-gil download
malba download
modern-art-museum 'ascii' codec can't encode character '\xe9' in position 34: ordinal not in range(128)
museum-of-art-of-sao-paulo-assis-chateaubriand 'ascii' codec can't encode character '\xe3' in position 11: ordinal not in range(128)
museo-municipal-de-historia download
zaragoza-museum download
museo-nacional-del-prado download
mnac download
city-museum 'ascii' codec can't encode character '\xe0' in position 26: ordinal not in range(128)
museu-nacional-de-belas-artes download
ipiranga-museum download
picasso-museum download
museu-da-chacara-do-ceu download
museum-of-art-assis-chateaubriand--furne 'ascii' codec can't encode character '\xe3' in position 11: ordinal not in range(128)
museu-de-belles-arts-de-valencia 'ascii' codec can't encode character '\xe8' in position 37: ordinal not in range(128)
museum-boijmans-van-beuningen download
museum-catharijneconvent download
museum-de-lakenhal unknown url type: 'NA'
museum-frieder-burda download
museum-georg-schafer 'ascii' codec can't encode character '\xe4' in position 26: ordinal not in range(128)
museum-kunstpalast download
museum-london download
museum-ludwig download
museum-mayer-van-den-bergh download
mumok download
museum-pfalzgalerie-kaiserslautern download
museum-wurth 'ascii' codec can't encode character '\xfc' in position 11: ordinal not in range(128)
museum-of-fine-arts 'ascii' codec can't encode character '\xfc' in position 32: ordinal not in range(128)
mmk-museum-of-modern-art 'ascii' codec can't encode character '\xfc' in position 18: ordinal not in range(128)
museum-of-applied-arts download
the-state-museum-of-arts download
the-museum-of-contemporary-art download
museum-of-contemporary-art-san-diego download
museum-van-deinze--de-leiestreek download
museum-of-fine-arts-boston download
the-houston-museum-of-fine-arts download
seville-museum-of-fine-arts download
museum-voor-schone-kunsten download
museo-de-arte-moderno-y-contemporaneo-de-santander-y-cantabria download
royal-museums-for-fine-arts-of-belgium--antoine-wierz-museum download
muzeum-kolekcji-im-jana-pawla-ii download
the-museum-of-modern-art download
museum-of-modern-art-saitama download
mart--museo-di-arte-moderna-e-contemporanea-di-trento-e-rovereto download
museu-de-montserrat download
museum-of-new-zealand-te-papa-tongarewa download
museo-del-romanticismo download
kyiv-national-museum-of-russian-art download
museum-of-russian-art download
the-bohdan-and-varvara-khanenko-national-museum-of-arts download
nikolaev-regional-art-museum-named-after-v-vereshchagin download
nagoya-city-art-museum download
skt-nathan-store download
nathan-cummings-foundation download
national-academy-museum--school download
national-art-gallery--alexandros-sutsou download
galeria-de-arte-nacional download
national-art-museum-of-ukraine download
national-gallery-of-modern-art download
national-gallery download
narodni-galerie-praha--palac-kinskych download
national-gallery-of-ancient-art-in-barberini-palace download
national-gallery-of-armenia download
national-gallery-of-art download
national-gallery-of-australia download
national-gallery-of-canada download
smk--statens-museum-for-kunst download
national-museum-of-ireland--archaeology download
national-gallery download
national-gallery download
national-gallery-of-victoria download
galleria-nazionale-delle-marche download
the-national-gallery download
nasjonalgalleriet download
central-institute-for-graphics download
national-library-of-wales download
national-maritime-museum download
national-museum-cardiff download
museu-nacional-de-arte-antiga download
the-national-museum-of-art-of-romania download
nasjonalgalleriet download
museo-e-real-bosco-di-capodimonte download
muzeul-national-de-arta-contemporana HTTP Error 404: Not Found
museum-of-fine-arts download
the-national-museum-of-finland download
museo-nazionale-di-san-matteo download
national-museum-in-belgrade download
national-museum-of-western-art download
national-museum-of-women-in-the-arts download
muzeum-narodowe-w-gdansku 'ascii' codec can't encode character '\u0144' in position 30: ordinal not in range(128)
national-museum-in-krakow 'ascii' codec can't encode character '\xf3' in position 31: ordinal not in range(128)
the-national-museum-in-poznan 'ascii' codec can't encode character '\u0144' in position 32: ordinal not in range(128)
the-national-museum-in-warsaw download
national-palace-museum download
national-portrait-gallery download
national-portrait-gallery download
national-portrait-gallery download
nationalmuseum download
statens-naturhistoriske-museum download
the-nelsonatkins-museum-of-art download
nesuhi-ertegun-collection unknown url type: 'NA'
neuberger-museum-of-art download
neue-galerie download
lentos-kunstmuseum-linz download
neue-galerie-berlin download
neue-pinakothek download
the-new-art-gallery-walsall download
new-britain-museum-of-american-art download
new-hermitage download
new-walk-museum-and-art-gallery download
newyork-historical-society download
newark-museum download
museumestate-of-nicholas-roerich download
nicholas-roerich-museum download
niko-pirosmanashvili-museum-in-mirzaani download
nizhny-novgorod-state-art-museum download
het-noordbrabants-museum download
northern-norway-art-museum download
norman-rockwell-museum download
galerie-normand download
north-carolina-museum-of-art download
north-ossetian-republican-museum-of-fine-arts-tuganov-museum unknown url type: 'NA'
northumbria-university download
norton-museum-of-art download
norton-simon-museum download
nostell-priory-and-parkland download
nouans-cathedral unknown url type: 'NA'
novgorod-state-museumreserve download
novokuznetskiy-khudozhestvennyy-muzey download
novosibirsk-state-art-museum download
ny-carlsberg-glyptotek download
odesa-fine-arts-museum download
odessa-museum-of-western-and-eastern-art download
odescalchi-palace download
oglethorpe-university-museum-of-art download
ohara-museum-of-art download
olana-state-historic-site download
gallery-oldham download
omskiy-oblastnoy-muzey-izobrazitelnykh-iskusstv-im-ma-vrubelya download
oratorio-della-nunziatella download
oratorio-dell-immacolatella download
ordrupgaard download
sicatedral-of-orihuela download
osaka-city-museum download
kunst-museum-winterthur--reinhart-am-stadtgarten download
hospital-of-innocents download
gallery-of-fine-art-in-ostrava--art-house download
kunsthandel-p-de-boer-bv download
cuauhnahuac-regional-museum-palacio-de-cortes 'ascii' codec can't encode character '\xe9' in position 24: ordinal not in range(128)
chateau-de-fontainebleau download
national-palace 'ascii' codec can't encode character '\xe9' in position 29: ordinal not in range(128)
royal-palace-of-madrid download
palacio-de-bellas-artes download
palais-bourbon download
palais-garnier download
palais-des-beaux-arts download
palais-des-beauxarts-de-charleroi download
palazzo-abatellis download
apostolic-palace download
national-gallery-of-ancient-art-in-barberini-palace download
palazzo-bianco download
palazzo-citterio download
palazzo-chiericati download
galleria-colonna download
palazzo-corsini download
palace-of-penitenzieri download
doges-palace download
museum-of-palazzo-grimani download
casino-dellaurora-pallavicini-rospigliosi download
pitti-palace download
royal-palace-of-turin download
palazzo-rosso download
palazzo-bianco download
palazzo-spinola-national-gallery download
palazzo-vecchio download
national-museum-of-palazzo-venezia download
zevallos-stigliano-palace download
palazzo-daccursio download
alberti-palace download
palazzo-dei-conservatori download
cathedral-of-san-antolin download
palm-springs-art-museum download
galleria-nazionale-di-parma download
paul-melon-collection unknown url type: 'NA'
paul-sacher-stiftung download
pavillon-de-musique-du-barry 'ascii' codec can't encode character '\xe2' in position 12: ordinal not in range(128)
pavlovsk download
peggy-guggenheim-collection download
pennsylvania-academy-of-the-fine-arts download
picture-gallery-named-after-ka-savitsky download
pera-muzesi download
perls-galleries unknown url type: 'NA'
perm-state-art-gallery download
peterhof download
petitpalais download
petit-palais download
petworth-house-and-park download
philadelphia-museum-of-art download
philbrook-museum-of-art download
the-phillips-collection download
the-phillips-collection download
phoenix-art-museum download
piazza-navona download
herrick-gallery download
pinacoteca-diego-rivera download
pinacoteca-giovanni-e-marella-agnelli download
visconti-castle--civic-museums download
pinacoteca-nazionale download
pinacoteca-tosio-martinengo download
paintings-gallery-of-the-vatican-museums download
pinacoteca-e-museo-civico-di-volterra download
pio-monte-della-misericordia download
peninsula-arts-gallery download
polakleyden-collection unknown url type: 'NA'
muzeyzapovednik-vd-polenova download
pommersches-landesmuseum download
portland-museum-of-art download
prague-castle download
presidential-palace download
preston-hall-museum download
primorskaya-gosudarstvennaya-kartinnaya-galereya download
princeton-university-art-museum download
prussian-palaces-and-gardens-foundation-berlinbrandenburg download
pskov-state-united-museum-of-history unknown url type: 'NA'
literary-museum-of-the-institute-of-russian-literature download
the-pushkin-state-museum-of-fine-arts download
queens-museum download
queensland-art-gallery download
fondazione-querini-stampalia download
rafael-coronel-collection unknown url type: 'NA'
randers-kunstmuseum download
raquel-m-de-espinosa-ulloa-collection unknown url type: 'NA'
kode- download
rau-pour-le-tiers-monde-foundation unknown url type: 'NA'
real-academia-de-bellas-artes-de-san-fernando download
fasori-reformatus-templom download
historisches-museum-regensburg download
rembrandt-house-museum download
residenzgalerie download
museo-revoltella download
reynolda-house-museum-of-american-art download
risd-museum-chace-center-entrance download
galleria-darte-moderna-ricci-oddi download
rijksmuseum download
museu-de-arte-do-rio-grande-do-sul download
robert-giron-collection unknown url type: 'NA'
touchstones-rochdale download
snijdersrockoxhuis download
museum-named-after-nk-roerich download
rolf-stenersen-collection unknown url type: 'NA'
the-rose-art-museum download
church-of-the-resurrection download
rostov-regional-museum-of-fine-arts download
royal-academy-of-arts download
the-royal-castle-in-warsaw download
royal-collection-trust download
royal-holloway-university-of-london download
royal-museum-of-fine-arts-antwerp download
royal-museum-of-fine-arts-antwerp download
royal-museums-of-fine-arts-of-belgium download
royal-pavilion download
rudolph-staechelin-family-foundation unknown url type: 'NA'
russell-cotes-museum download
russian-academy-of-sciences download
russian-museum download
russian-state-library download
ryazan-state-regional-museum-of-fine-arts unknown url type: 'NA'
the-rybinsk-history-architecture-and-art-museum download
sao-paulo-museum-of-modern-art 'ascii' codec can't encode character '\xe3' in position 11: ordinal not in range(128)
galleria-sabauda download
sainsbury-centre-for-visual-arts download
saint-louis-art-museum download
abbatiale-de-nantua download
saintnicolas-du-chardonnet download
eglise-saintsulpice download
the-dali-museum 'ascii' codec can't encode character '\xed' in position 22: ordinal not in range(128)
samarskiy-oblastnoy-khudozhestvennyy-muzey download
samuel-fastlicht-collection unknown url type: 'NA'
san-antonio-museum-of-art download
the-san-diego-museum-of-art download
chiesa-di-san-francesco-a-ripa-grande download
san-francesco-della-vigna download
san-francisco-art-institute download
san-francisco-museum-of-modern-art download
san-giorgio-maggiore download
chiesa-san-giorgio-alla-costa download
church-of-st-giovanni-crisostomo download
san-giovanni-evangelista download
parrocchia-san-giovanni-in-bragora download
former-college-of-san-ildefonso download
s-lorenzo-in-lucina--parrocchia download
church-of-st-louis-of-the-french download
basilica-di-san-martino-maggiore download
st-pietro-martire-church download
basilica-di-san-pietro-in-vincoli download
chiesa-di-san-salvador download
chiesa-di-san-stae download
basilica-di-santa-maria-della-steccata download
sanssouci-palace download
santagostino-church download
chiesa-di-santalessandro download
santa-barbara-museum-of-art download
parrocchia-santa-bibiana download
church-of-st-catherine download
sanctuary-of-santa-corona download
museo-de-santa-cruz download
basilica-dei-frari download
agostiniani-dellassunzione download
basilica-of-santa-maria-novella download
santa-maria-de-montserrat-abbey download
chiesa-di-santa-maria-del-carmine download
chiesa-di-santa-maria-del-giglio download
basilica-parrocchiale-santa-maria-del-popolo download
santa-maria-della-concezione-dei-cappuccini download
basilica-di-santa-maria-della-salute download
chiesa-di-santa-maria-della-vittoria download
basilica-di-maria-ss-delle-grazie download
s-maria-in-monserrato-degli-spagnoli download
parrocchia-santa-maria-in-vallicella download
st-maria-sopra-minerva-basilica download
church-of-saints-nazarius-and-celsus download
parrocchia-maria-ss-assunta--santuario-dellannunziata download
scala-regia unknown url type: 'NA'
schaezlerpalais download
schleissheim-palace-complex download
charlottenburg-palace download
pension--appartementhaus-am-schloss download
schloss-weissenstein 'ascii' codec can't encode character '\xdf' in position 21: ordinal not in range(128)
bergpark-wilhelmshohe 'ascii' codec can't encode character '\xf6' in position 27: ordinal not in range(128)
ucsf-emergency-department download
scottish-national-gallery-of-modern-art-modern-one download
scottish-national-gallery download
tate-modern download
scrovegni-chapel download
scuola-grande-di-san-rocco download
scuola-dalmata-dei-ss-giorgio-e-trifone-san-giorgio-degli-schiavoni download
seattle-art-museum download
secretariat-of-public-education-main-headquarters unknown url type: 'NA'
serpukhov-history-and-art-museum download
setagaya-art-museum download
sevastopolskiy-khudozhestvennyy-muzey-immkroshitskogo download
catedral-de-sevilla download
sforzesco-castle download
shanghai-museum download
schusev-state-museum-of-architecture download
millennium-art-gallery download
shelburne-museum download
the-national-taras-shevchenko-museum HTTP Error 404: Not Found
museum-of-theatre-and-music download
sighnagi-national-museum download
silberstain-collection unknown url type: 'NA'
sir-john-soanes-museum download
sistine-chapel download
skagens-museum download
skokloster-castle download
smith-college-museum-of-art download
smithsonian-american-art-museum download
solomon-r-guggenheim-museum download
somerville-manning-gallery download
seiji-togo-memorial-sompo-japan-nipponkoa-museum-of-art download
southampton-city-art-gallery download
the-speed-art-museum download
spencer-museum-of-art download
sprengel-museum download
sri-chitra-art-gallery download
eglise-saintgervais download
saint-bavos-cathedral download
st-cyrils-church download
st-johns-cocathedral download
st-peters-basilica download
saint-peters-church download
museum-of-theatre-and-music download
st-stephens-basilica download
stadel-museum 'ascii' codec can't encode character '\xe4' in position 12: ordinal not in range(128)
stadel-museum 'ascii' codec can't encode character '\xe4' in position 12: ordinal not in range(128)
national-graphic-arts-collection 'ascii' codec can't encode character '\xfc' in position 42: ordinal not in range(128)
staatliche-kunsthalle-karlsruhe download
residenzschloss-dresden download
staatliche-museen-zu-berlin download
staatliches-museum-schwerin download
staatsgalerie-stuttgart download
stadtkirche-lutherstadt-wittenberg download
state-historical-museum download
state-historical-society-research-center download
state-literature-museum download
nizhny-tagil-museum-of-fine-arts download
national-museum-of-medieval-and-modern-art download
the-state-museum-of-oriental-art download
national-museum-of-fine-arts-named-after-gapar-aitiev download
stedelijk-museum-amsterdam download
steven-a-cohen-collection unknown url type: 'NA'
stolen unknown url type: 'NA'
stolichny-bank-collection unknown url type: 'NA'
mamcs download
subliminal-projects download
sudley-house download
sudley-house download
national-museum-in-krakow download
art-museum download
eth-zurich download
syracuse-university download
taft-museum-of-art download
taganrog download
taganrog-museum-of-art download
takahata-art-gallery unknown url type: 'NA'
tanenbaum-collection unknown url type: 'NA'
national-museum-of-the-republic-tatarstan download
national-museum-of-the-republic-tatarstan download
tate-britain download
tate-modern download
tehran-museum-of-contemporary-art download
tel-aviv-museum-of-art download
malatestiano-temple download
terra-foundation-for-american-art download
teylers-museum download
thielska-galleriet download
thomas-ammann-fine-art-ag download
thorvaldsens-museum download
thyssenbornemisza-museum download
timken-museum-of-art download
tokyo-fuji-art-museum download
tokyo-national-museum download
santa-iglesia-catedral-primada-de-toledo download
church-of-santo-tome 'ascii' codec can't encode character '\xe9' in position 30: ordinal not in range(128)
toledo-museum-of-art download
tomskiy-oblastnoy-khudozhestvennyy-muzey download
tony-shafrazi-gallery download
zywe-muzeum-piernika 'ascii' codec can't encode character '\u0144' in position 33: ordinal not in range(128)
towneley-art-gallery--museum download
the-state-tretyakov-gallery download
cathedral download
trinity-cathedral download
the-holy-trinityst-sergius-lavra download
progress-bar-by-startup-foundation download
tula-museum-of-fine-arts download
museum-of-eastern-art download
museum-of-fine-arts download
turku-art-museum download
tverskaya-oblastnaya-kartinnaya-galereya download
tyrolean-state-museum download
tyumen download
uffizi-gallery download
museum-der-brotkultur download
ulyanovsk-regional-art-museum download
united-states-capitol download
university-college-london download
university-of-iowa-stanley-museum-of-art download
university-of-michigan-museum-of-art download
university-of-oslo download
upenn download
university-of-toronto--st-george-campus download
uppsala-university download
the-manor-house-care-home--bupa download
valencia-cathedral download
van-abbe-museum download
van-gogh-museum download
vancouver-art-gallery download
vatican-secret-archives download
vatican-museums download
vatican-museums download
victoria-and-albert-museum download
schonbrunn-palace download
museo-civico-villa-colloredo-mels download
villa-farnesina download
museum-villa-flora download
villa-gyllenberg download
villa-i-tatti download
musei-di-villa-torlonia download
violet-gershenson-collection unknown url type: 'NA'
virginia-museum-of-fine-arts download
marc-chagall-museum download
palazzo-cini download
vladimirsuzdal-museumreserve download
vologda-regional-fine-art-gallery unknown url type: 'NA'
von-der-heydt-museum download
voronezh-regional-museum download
vorontsov-palace download
gj-nieuwenhuizen-segaar download
waddesdon-manor download
wadsworth-atheneum-museum-of-art download
walker-art-center download
walker-art-gallery download
the-wallace-collection download
wallrafrichartz-museum 'ascii' codec can't encode character '\u2013' in position 17: ordinal not in range(128)
walter-hadorn-collection unknown url type: 'NA'
the-walters-art-museum download
warsaw-university-library download
washington-university-in-st-louis download
frederick-r-weisman-art-museum download
west-dean-college-of-arts-and-conservation download
westminster-abbey download
whistler-house-museum-of-art download
the-white-house download
whitney-museum-of-american-art download
the-whitworth download
wichita-art-museum download
william-benton-museum-of-art download
the-nelsonatkins-museum-of-art download
wilton-house download
windsor-castle download
winterthur download
koekizaidan-hojin-uddowan-museum download
worcester-city-art-gallery-and-museum download
austrian-gallery-belvedere 'ascii' codec can't encode character '\xeb' in position 14: ordinal not in range(128)
yale-center-for-british-art download
yale-university-art-gallery download
yaroslavl-art-museum download
yokohama-museum-shop download
york-art-gallery download
hiromiyoshii-gallery download
zanesville-museum-of-art download
zentrum-paul-klee download
zimmerli-art-museum-rutgers-university download
zorn-collections unknown url type: 'NA'
national-school-of-fine-arts 'ascii' codec can't encode character '\xc9' in position 10: ordinal not in range(128)
mk-ciurlionis-museum-of-art 'ascii' codec can't encode character '\u010c' in position 16: ordinal not in range(128)
lancut-castle 'ascii' codec can't encode character '\u0141' in position 10: ordinal not in range(128)
