aargauer-kunsthaus 200
abbot-hall-art-gallery 200
abeggstiftung no avatar
aberdeen-art-gallery-museum 200
abramtsevo 200
stadtisches-museum-abteiberg 200
academy-of-fine-arts-vienna 200
academy-of-fine-arts 200
accademia-albertina 200
accademia-carrara-museum 200
accademia-ligustica-di-belle-arti-di-genova 200
national-academy-of-san-luca no avatar
ackland-art-museum 200
addison-gallery-of-american-art 200
adelson-galleries 200
aga-khan-museum 200
galereya-ayvazovskogo no avatar
akron-art-museum 200
albany-institute-of-history-art 200
albertina 200
albrechtkemper-museum-of-art no avatar
albrightknox-art-gallery 200
galerie-vomel-gmbh no avatar
alexander-nevsky-lavra 200
alexandre-gallery no avatar
the-allahabad-museum 200
allen-memorial-art-museum 200
allenbach-collection 200
allentown-art-museum 200
altai-regional-state-museum-of-fine-arts no avatar
alte-nationalgalerie 200
alte-pinakothek 200
capitoline-museums 200
stadel-museum 200
amherst-college 200
amon-carter-museum-of-american-art 200
amsterdam-museum 200
galerie-andre-francois-petit 200
angermuseum no avatar
anglesey-abbey 200
anglesey-abbey 200
annina-nosei-gallery 200
antonio-russo-collection no avatar
apartment-museum-of-joseph-brodsky no avatar
appleton-museum-of-art 200
apsley-house 200
archbishops-chapel-of-st-andrew no avatar
arkansas-arts-center 200
museumestate-arkhangelskoye no avatar
arnot-art-museum 200
arpmuseum 200
art-gallery-of-new-south-wales 200
art-gallery-of-ontario 200
art-gallery-of-south-australia 200
art-gallery-of-wa 200
the-art-institute-of-chicago 200
banffy-palace 200
art-museum-of-georgia 200
art-sulture-of-russian-north-museum no avatar
arthur-m-sackler-gallery no avatar
arundel-castle 200
ascott-house 200
ashmolean-museum 200
the-asiatic-society no avatar
uspenskiy-sobor 200
astrup-fearnley-museum-of-modern-art 200
ateneum 200
the-atkinson 200
auckland-art-gallery-toi-o-tamaki 200
augustinermuseum 200
aurora-art-fund 200
austrian-national-library 200
bundner-kunstmuseum no avatar
bakerberry-library 200
theater-museum-aa-bakhrushina 200
balbina-azcarraga-collection 200
david-owsley-museum-of-art 200
balla-collection 200
baltimore-museum-of-art 200
fundacion-banco-santander 200
banco-de-mexico-fabrica-de-billetes no avatar
barbara-piaseckajohnson-collection 200
the-barber-institute-of-fine-arts 200
barbersurgeons-hall 200
barcelona-museum-of-contemporary-art 200
bargello-national-museum no avatar
arboretum-of-the-barnes-foundation 200
national-museum-of-the-republic-of-bashkortostan 200
basil-p-and-elise-goulandris-collection 200
basilica-dei-santi-giovanni-e-paolo 200
sanctuary-of-the-holy-house-of-loreto 200
the-ss-annunziata-di-firenze 200
basilica-di-san-lorenzo no avatar
san-marco-museum 200
saint-marks-basilica 200
basilica-di-san-zeno-maggiore 200
basilica-of-santa-croce-in-florence 200
basilica-of-san-francesco-dassisi 200
chiesa-di-san-domenico 200
basilica-di-s-francesco 200
museo-san-francisco-el-grande 200
basilica-di-santagostino-in-campo-marzio no avatar
basilica-of-san-domenico 200
musee-basque 200
bayerische-staatsbibliothek 200
bayerische-staatsgemaldesammlungen no avatar
beaverbrook-art-gallery 200
museum-behnhaus-dragerhaus 200
belarusian-national-arts-museum no avatar
belfius-cinquantenaire no avatar
galleria-regionale-di-palazzo-bellomo 200
belvedere-palace no avatar
belvoir-castle 200
hotel-dassezat-fondation-georges-bemberg no avatar
museu-colecao-berardo 200
villa-i-tatti 200
bergen-billedgalleri 200
kode-kode-kunstmuseer-og-komponisthjem 200
berkshire-museum 200
berry-hill-gallery 200
fondation-beyeler 200
banaras-hindu-university no avatar
ambrosian-library 200
biblioteca-nazionale-marciana 200
biblioteca-marucelliana no avatar
national-library-of-spain 200
the-francoismitterrand-library 200
bibliotheque-de-linstitut-de-france 200
historical-library-of-the-city-of-paris 200
museum-of-fine-arts-of-bilbao 200
biltmore 200
birmingham-museum-art-gallery 200
birmingham-museum-of-art 200
blackburn-museum-art-gallery no avatar
blanton-museum-of-art 200
blickling-estate 200
bob-jones-university 200
boca-raton-museum-of-art 200
bode-museum 200
bode-museum 200
bolton-museum-aquarium-and-archive 200
bonnefantenmuseum 200
bonniers-konsthall 200
borghese-gallery-and-museum 200
boston-athenaeum 200
charlestown-branch-of-the-boston-public-library 200
bowdoin-college-museum-of-art 200
bowers-museum 200
the-bowes-museum 200
brucke-museum 200
galerie-brachot no avatar
cartwright-hall 200
brandywine-river-museum-of-art 200
museum-bredius 200
bridgestone-museum-of-art 200
brigham-young-university-museum-of-art 200
bristol-museum-art-gallery 200
british-council 200
the-british-library 200
the-british-museum 200
eli-broad-college-of-business 200
the-broad 200
brooklyn-museum 200
brotherton-library-university-of-leeds 200
muzeul-national-brukenthal 200
bryn-mawr-college 200
library-of-the-museum-of-fine-arts 200
buffalo-bill-center-of-the-west 200
burghley-house 200
the-burrell-collection 200
bury-art-museum 200
buryat-republican-art-museum no avatar
buschreisinger-museum 200
buscot-park no avatar
the-butler-institute-of-american-art 200
ca-pesaro-international-gallery-of-modern-art 200
ca-rezzonico 200
ca-doro 200
museu-calouste-gulbenkian 200
canadian-war-museum 200
cannon-hall-museum-park-and-gardens 200
royal-chapel-of-granada 200
capilla-mayor 200
capitole-de-toulouse 200
capitoline-museums 200
santa-maria-dei-carmini-santa-maria-del-carmelo 200
carnavalet-museum 200
carnegie-museum-of-art 200
casa-buonarroti no avatar
museo-casa-giorgione 200
casino-ludovisi 200
fondazione-cassa-di-risparmio-di-prato no avatar
castel-santangelo 200
castelvecchio-museum 200
saintlazare-cathedral 200
metz-cathedral 200
cathedral-of-our-lady-antwerp 200
cathedral-of-the-annunciation 200
museu-del-cau-ferrat 200
centraal-museum 200
central-naval-museum 200
castle-of-blerancourt-francoamerican-museum 200
palais-de-compiegne 200
chateau-musee-de-dieppe 200
chateau-de-malmaison 200
national-museum-and-the-chateau-de-pau-official 200
palace-of-versailles 200
castle-museum-of-boulognesurmer no avatar
the-rosary-chapel no avatar
universidad-autonoma-chapingo no avatar
british-institute-of-international-comparative-law 200
chatsworth-house 200
chester-beatty-library 200
chiado-museum 200
chiesa-dei-santi-ambrogio-e-andrea-detta-del-gesu 200
chimei-museum 200
christ-church 200
kereszteny-muzeum 200
chrysler-museum-of-art 200
santa-maria-delle-grazie no avatar
church-of-our-lady-bruges 200
church-of-saints-nazarius-and-celsus 200
chuvash-state-opera-and-ballet-theatre no avatar
cincinnati-art-museum 200
cintas-foundation-inc 200
citta-di-castello-community-art-gallerya 200
clark-art-institute 200
clemens-sels-museum 200
cleveland-museum-of-art 200
college-of-our-lady-of-antigua 200
collegio-alberoni 200
nobile-collegio-del-cambio no avatar
museum-of-fine-arts 200
columbia-museum-of-art 200
columbia-university 200
columbus-museum-of-art 200
the-national-congress-palace 200
san-domenico-di-fiesole 200
monastero-di-san-paolo 200
cooper-hewitt-smithsonian-design-museum 200
corcoran-school-of-the-arts-design-at-gw 200
the-courtauld-gallery 200
the-courtauld-institute-of-art 200
cranachhauser-und-cranachhofe 200
crystal-bridges-museum-of-american-art 200
cummer-museum-of-art-gardens 200
currier-museum-of-art 200
muzeum-xx-czartoryskich-w-krakowie 200
dagestan-museum-of-fine-arts 200
dahesh-museum-of-art no avatar
dali-theatremuseum 200
dallas-museum-of-art 200
daniel-filipacchi-collection 200
malingue 200
daros-latinamerica-ag 200
davis-museum 200
the-dayton-art-institute 200
de-pont 200
delaware-art-museum 200
denver-art-museum 200
derby-museum-art-gallery 200
des-moines-art-center 200
detroit-institute-of-arts 200
museo-diocesano-del-capitolo 200
dnipropetrovsk-museum-of-fine-arts no avatar
museo-dolores-olmedo no avatar
dordrechts-museum 200
dormition-church-on-gorodok no avatar
dublin-city-gallery-the-hugh-lane 200
duke-of-berwick-and-alba-collection 200
dulwich-picture-gallery 200
dumbarton-oaks-museum 200
dunedin-public-art-gallery 200
duomo-di-castelfranco-veneto 200
cathedral-of-santa-maria-del-fiore 200
duomo-di-orvieto 200
cattedrale-di-parma 200
duomo-di-siena 200
duomo-di-spoleto 200
foundation-eg-buhrle 200
ekaterinburg-museum-of-fine-arts 200
el-escorial 200
museo-del-greco 200
el-paso-museum-of-art 200
ermita-de-san-antonio-de-la-florida 200
ernesto-blohm-collection 200
centro-deportivo-municipal-escuelas-de-san-anton 200
evansville-museum 200
musee-dart-dhistoire-et-darcheologie 200
f-hagemann-collection no avatar
fac-guepin-estate no avatar
faggionato-ltd 200
falmouth-art-gallery 200
far-eastern-art-museum 200
musee-faure 200
feilchenfeldt-collection 200
zentrum-paul-klee 200
fenton-house 200
ferens-art-gallery no avatar
fine-arts-museums-of-san-francisco 200
finnish-national-gallery 200
fitzwilliam-museum 200
flint-institute-of-arts 200
harvard-art-museums 200
museum-museum-folkwang 200
citibanamex-culture-palace-palacio-de-iturbide 200
magnani-rocca-foundation 200
fondazione-roberto-longhi no avatar
the-foundling-museum 200
fortress-rosenberg-kronach 200
francois-odermatt-collection 200
frances-lehman-loeb-art-center no avatar
frans-hals-museum 200
fred-jones-jr-museum-of-art 200
freer-gallery-of-art 200
the-frick-collection 200
frida-kahlo-museum 200
schloss-friedenstein-gotha no avatar
frisian-museum 200
taka-ishii-gallery-tokyo no avatar
fukuoka-asian-art-museum 200
ged-nahmad-collection no avatar
gosta-serlachius-museum-museum-of-art 200
castle-of-pubol 200
galerie-jan-krugier no avatar
old-masters-picture-gallery 200
sammlung-rosengart 200
galleria-doria-pamphilj 200
national-gallery-of-modern-and-contemporary-art 200
galleria-regionale-di-palazzo-bellomo 200
modern-art-gallery 200
academy-of-florence-art-gallery 200
gallerie-dellaccademia 200
civic-gallery-of-modern-and-contemporary-art 200
geelong-gallery 200
old-masters-picture-gallery 200
gemaldegalerie 200
gemeentemuseum-den-haag 200
palau-de-la-generalitat-de-catalunya 200
george-krevsky-gallery no avatar
the-centre-pompidou 200
germanisches-nationalmuseum 200
kelvingrove-art-gallery-and-museum 200
russian-national-museum-of-music no avatar
golestan-palace 200
gothenburg-artmuseum 200
state-hermitage-museum 200
stiftung-gottfried-keller-zentrum 200
government-museum-and-art-gallery 200
musee-goya 200
palais-grandducal 200
grand-palais 200
the-grand-trianon 200
graves-gallery 200
gregory-gallery no avatar
gripsholm-castle 200
groeninge-museum 200
groninger-museum 200
guildhall-art-gallery 200
galeria-guillermo-de-osma no avatar
musee-national-des-arts-asiatiques-guimet 200
haggerty-museum-of-art 200
haggin-museum 200
hamburger-bahnhof 200
university-of-california-los-angeles no avatar
hampton-court-palace 200
hampton-university-museum 200
harold-h-stream-collection no avatar
harris-museum-art-gallery 200
harry-ransom-center 200
harvard-art-museums 200
hearst-castle 200
the-hebrew-university-of-jerusalem 200
hecht-museum no avatar
helly-nahmad-gallery no avatar
helsinki-city-museum 200
henie-onstad-art-center 200
henri-rouart-collection 200
henry-w-bloch-collection 200
herbert-art-gallery-museum 200
herbert-f-johnson-museum-of-art 200
herzog-anton-ulrich-museum 200
hessisches-landesmuseum-darmstadt 200
the-higgins-bedford 200
high-museum-of-art 200
hillstead-museum 200
the-rita-and-alex-hillman-foundation 200
hillwood-estate-museum-gardens 200
hiroshima-museum-of-art 200
hirschsprung-collection 200
hirshhorn-museum 200
hispanic-society-museum-library 200
historical-museum-of-crete 200
historical-society-of-pennsylvania 200
the-holburne-museum 200
syros 200
holy-spirit-church 200
honolulu-museum-of-art 200
hood-museum-of-art 200
hoover-gallery 200
horlivka-museum-of-fine-arts no avatar
hoteldieu-museum 200
hospital-tavera 200
hospital-de-la-caridad 200
hungarian-national-museum 200
hunter-museum-of-american-art 200
hunterian-art-gallery 200
huntington-library 200
the-hyde-collection 200
church-of-santa-maria-assunta-or-jesuits no avatar
ian-woodner-family-collection 200
ikeda-seiki-museum 200
imperial-academy-of-arts 200
imperial-war-museum 200
iari-pusa-campus 200
newfields 200
institut-de-france 200
instituto-valencia-de-don-juan no avatar
intercession-of-the-theotokos-church 200
ipswich-museum 200
iris-b-gerald-cantor-center-for-visual-arts 200
irkutskiy-regional-museum no avatar
irving-mitchell-felt-collection 200
isabella-stewart-gardner-museum 200
the-parliament-of-iran 200
the-israel-museum-jerusalem no avatar
merdeka-palace 200
the-getty 200
the-francoismitterrand-library 200
jacques-and-natasha-gelman-collection 200
jagdish-chandra-bose-memorial-foundation no avatar
jagdschloss-grunewald 200
jersey-heritage 200
the-jewish-museum 200
joan-miro-foundation 200
johannesburg-art-gallery 200
the-john-and-mable-ringling-museum-of-art 200
johns-hopkins-university 200
jose-domingo-and-eugenia-lavin-collection 200
joslyn-art-museum 200
kalmytskiy-gosudarstvennyy-universitet 200
kaluga-museum-of-fine-arts 200
kasama-nichido-museum-of-art 200
keble-college 200
kedzhrivala-collection no avatar
kelmscott-manor 200
kelvingrove-art-gallery-and-museum 200
kenwood-house 200
kharbine-tapabor no avatar
mf-sumtsov-kharkiv-historical-museum no avatar
museum-of-contemporary-art-kiasma 200
kimbell-art-museum 200
kingston-lacy-house 200
kirkcaldy-galleries 200
vyatka-art-museum-vm-i-am-vasnetsov no avatar
kisters-collection 200
kitakyushu-city-museum 200
fischer-konrad-galerie 200
kornfeld-collection no avatar
krollermuller-museum 200
krannert-art-museum 200
krasnodarskiy-regional-museum no avatar
the-kreeger-museum 200
armoury-chamber no avatar
kress-collection 200
kromeriz-archbishops-palace 200
izumishi-kuboso-memorial-museum-of-arts-izumi no avatar
eesti-kunstimuuseum 200
kunst-haus-wien-museum-hundertwasser 200
kunsthalle-bremen 200
kunsthalle-hamburg 200
kunsthalle-mannheim 200
kunsthalle-weishaupt 200
kunsthalle-winterthur 200
kunsthandel-ivo-bouwman-bv no avatar
kunsthaus-zurich 200
kunsthistorisches-museum-wien 200
kaiser-wilhelm-museum 200
fine-arts-museum-basel 200
kunstmuseum-bern 200
kunst-museum-bonn-museumsmeile 200
kunstmuseum-liechtenstein 200
kunstmuseum 200
kunstmuseum-stgallen 200
kunst-museum-winterthur-beim-stadthaus no avatar
k-kunstsammlung-nordrheinwestfalen 200
kupferstichkabinett 200
kupferstichkabinett 200
kurpfalzisches-museum 200
kursk-state-art-gallery-deyneka-museum no avatar
kutaisi-state-historical-museum 200
la-piscine-musee no avatar
teatro-alla-scala-museum 200
lady-lever-art-gallery 200
laing-art-gallery 200
museum-langmatt no avatar
latvian-national-museum-of-art no avatar
lauren-rogers-museum-of-art 200
musee-departemental-maurice-denis no avatar
leeds-art-gallery 200
legion-of-honor 200
leighton-house-museum 200
lenbachhaus 200
leopold-museum 200
library-of-congress 200
lam 200
lindenaumuseum-altenburg 200
lisson-gallery 200
lithuanian-art-museum 200
llandaff-cathedral 200
los-angeles-county-museum-of-art 200
galerie-louise-leiris no avatar
louisiana-museum-of-modern-art 200
louvre-museum 200
lowe-art-museum 200
landesmuseum-hannover 200
lublin-castle 200
ludwig-forum-for-international-art 200
lutherhaus-wittenberg 200
lviv-national-art-gallery-borys-voznytsky no avatar
national-museum-in-lviv-a-sheptytsky-nd-building 200
mt-abraham-foundation no avatar
the-maas-gallery 200
madison-museum-of-contemporary-art 200
church-of-madonna-dellorto no avatar
fondation-maeght 200
magritte-museum 200
maier-museum-of-art 200
maison-de-balzac 200
malmo-art-museum 200
manchester-art-gallery 200
maria-felix-collection no avatar
maria-rodriquez-de-reyero-collection 200
torre-de-los-lujanes 200
museo-masaccio 200
massachusetts-historical-society 200
mateu-collection 200
musee-departemental-matisse 200
matsuoka-museum-of-art 200
mauritshuis 200
the-mayor-gallery 200
mcnay-art-museum 200
mead-art-museum 200
meadows-museum 200
sintjanshospitaal no avatar
memorial-art-gallery 200
menard-museum 200
the-menil-collection 200
foundation-eg-buhrle 200
the-metropolitan-museum-of-art 200
michael-c-carlos-museum 200
michel-petitjean-collection no avatar
minneapolis-institute-of-art 200
minnesota-marine-art-museum 200
modern-art-museum-of-fort-worth 200
moderna-museet 200
mogilev-museum-of-regional-studies 200
mahmoud-khalil-museum no avatar
convento-de-santo-domingo-el-antiguo 200
the-fine-arts-zanabazar-museum 200
cathedrale-notre-dame-de-montauban 200
the-montreal-museum-of-fine-arts 200
the-morgan-library-museum 200
moscow-p-i-tchaikovsky-conservatory no avatar
moskovskiy-muzey-sovremennogo-iskusstva 200
moscow-art-theatre 200
mount-holyoke-college-art-museum 200
museum-schloss-moyland 200
mucha-museum 200
munchmuseet 200
murauchi-art-museum 200
musee-angladon-collection-jacques-doucet 200
musee-bonnathelleu-museum-of-fine-arts-bayonne 200
musee-calvet 200
musee-cantonal-des-beauxarts 200
cognacqjay-museum 200
chateau-de-chantilly 200
musee-gustave-courbet 200
musee-daubigny no avatar
eugene-boudin-museum 200
musee-fabre 200
musee-fragonard 200
musee-granet 200
musee-grobetlabadie 200
museum-ingres 200
musee-jacquemartandre 200
musee-jenisch-vevey 200
musee-magnin 200
museum-of-modern-art-andre-malraux 200
marmottan-monet-museum no avatar
musee-matisse no avatar
public-library 200
musee-national-gustave-moreau 200
the-centre-pompidou 200
musee-picasso 200
picasso-national-museum 200
rodin-museum 200
musee-saintecroix 200
thomas-henry-museum no avatar
unterlinden-museum 200
musee-zervos no avatar
paris-museum-of-modern-art 200
mamco-modern-and-contemporary-art-museum no avatar
museum-of-art-and-archaeology-senlis 200
musee-dart-et-dhistoire 200
musee-dart-et-dhistoire-du-judaisme 200
musee-dart-et-dhistoire 200
musee-dart-moderne-de-ceret 200
musee-dorsay 200
musee-dart-et-dindustrie no avatar
musee-departemental-des-peintres-de-barbizon 200
musee-des-antiquites-rouen 200
musee-de-la-marine-de-loire 200
musee-des-arts-decoratifs 200
the-centre-pompidou 200
musee-de-grenoble 200
musee-de-picardie 200
the-army-museum 200
orangerie-museum 200
musee-de-la-chartreuse 200
musee-de-la-faience-et-des-beauxarts-de-nevers no avatar
musee-de-la-vie-romantique 200
musee-des-augustins 200
musee-des-beauxarts-darras 200
museum-of-fine-arts 200
musee-des-beauxarts-dagen 200
musee-des-beauxarts 200
musee-des-beauxarts-dorleans 200
museum-of-fine-arts 200
museum-of-fine-arts-in-chartres 200
museum-of-fine-arts-dijon 200
musee-des-beauxarts-de-dole 200
lieu-dart-et-action-contemporaine-de-dunkerque 200
musee-des-beauxarts 200
musee-des-beauxarts-de-liege 200
musee-des-beaux-arts 200
the-lyon-museum-of-fine-arts 200
museum-of-fine-arts-in-nancy 200
arts-museum-of-nantes 200
museum-of-fine-arts 200
musee-des-beauxarts 200
museum-of-fine-arts-of-rouen no avatar
museum-of-fine-arts 200
strasbourg-museum-of-fine-arts 200
museum-of-fine-arts-in-valenciennes 200
musee-des-beauxarts-et-darcheologie-de-besancon 200
musee-des-ursulines 200
pole-culturel-du-monastere-des-ursulines no avatar
musee-des-beauxarts-de-chambery 200
musee-des-beauxarts-de-marseille 200
museum-of-the-montdepiete-of-bergues 200
museum-of-times 200
musee-eugene-delacroix 200
museum-camille-pissarro no avatar
musee-cantini 200
van-buuren-museum 200
fesch-museum 200
musee-maillol 200
musee-national-fernand-leger 200
musee-toulouselautrec 200
museum-of-fine-arts-and-archeology 200
musee-dart-roger-quilliot 200
musee-dart-et-dhistoire 200
musee-des-beauxarts-de-quimper 200
museum-of-fine-arts-of-caen 200
musee-des-beaux-arts 200
musee-des-beauxarts 200
museo-baroffio 200
museo-botero 200
museo-cerralbo 200
museo-civico-ala-ponzone 200
museo-civico-sansepolcro 200
museo-correr 200
the-horne-museum no avatar
lazaro-galdiano-museum 200
museo-mandralisca 200
diego-rivera-mural-museum 200
museo-nacional-centro-de-arte-reina-sofia 200
museo-nacional-de-antropologia 200
inba-museo-nacional-de-arte-munal 200
museo-nacional-de-bellas-artes 200
museo-de-bellas-artes-cubano 200
museo-nazionale-della-magna-grecia 200
museo-poldi-pezzoli 200
soumaya-museum 200
villa-mimbelli-museo-civico-giovanni-fattori 200
museo-madre 200
museo-de-arte-carrillo-gil 200
malba 200
modern-art-museum 200
museum-of-art-of-sao-paulo-assis-chateaubriand 200
museo-municipal-de-historia 200
zaragoza-museum 200
museo-nacional-del-prado 200
mnac 200
city-museum 200
museu-nacional-de-belas-artes 200
ipiranga-museum 200
picasso-museum 200
museu-da-chacara-do-ceu 200
museum-of-art-assis-chateaubriand-furne 200
museu-de-belles-arts-de-valencia 200
museum-boijmans-van-beuningen 200
museum-catharijneconvent 200
museum-de-lakenhal 200
museum-frieder-burda 200
museum-georg-schafer 200
museum-kunstpalast 200
museum-london 200
museum-ludwig 200
museum-mayer-van-den-bergh 200
mumok 200
museum-pfalzgalerie-kaiserslautern 200
museum-wurth 200
museum-of-fine-arts 200
mmk-museum-of-modern-art 200
museum-of-applied-arts 200
the-state-museum-of-arts 200
the-museum-of-contemporary-art 200
museum-of-contemporary-art-san-diego 200
museum-van-deinze-de-leiestreek 200
museum-of-fine-arts-boston 200
the-houston-museum-of-fine-arts 200
seville-museum-of-fine-arts 200
museum-voor-schone-kunsten 200
museum-of-fine-arts-santander 200
museum-of-ixelles 200
muzeum-kolekcji-im-jana-pawla-ii 200
the-museum-of-modern-art 200
museum-of-modern-art-saitama 200
mart-rovereto 200
museu-de-montserrat 200
museum-of-new-zealand-te-papa-tongarewa 200
museo-del-romanticismo no avatar
kyiv-national-museum-of-russian-art no avatar
museum-of-russian-art 200
khanenko-museum no avatar
vereshchagin-museum no avatar
nagoya-city-art-museum 200
skt-nathan-store 200
nathan-cummings-foundation no avatar
national-academy-museum-school 200
national-art-gallery-alexandros-sutsou no avatar
galeria-de-arte-nacional 200
national-art-museum-of-ukraine 200
national-gallery-of-modern-art 200
national-gallery 200
narodni-galerie-praha-palac-kinskych no avatar
gnaa-rome no avatar
national-gallery-of-armenia 200
national-gallery-of-art 200
national-gallery-of-australia 200
national-gallery-of-canada 200
smk-statens-museum-for-kunst 200
national-museum-of-ireland-archaeology 200
national-gallery 200
national-gallery 200
national-gallery-of-victoria 200
galleria-nazionale-delle-marche 200
the-national-gallery 200
nasjonalgalleriet 200
central-institute-for-graphics 200
national-library-of-wales 200
national-maritime-museum 200
national-museum-cardiff 200
museu-nacional-de-arte-antiga 200
the-national-museum-of-art-of-romania no avatar
nasjonalgalleriet 200
museo-e-real-bosco-di-capodimonte 200
muzeul-national-de-arta-contemporana 200
museum-of-fine-arts 200
the-national-museum-of-finland 200
museo-nazionale-di-san-matteo 200
national-museum-in-belgrade 200
national-museum-of-western-art 200
national-museum-of-women-in-the-arts 200
muzeum-narodowe-w-gdansku 200
national-museum-in-krakow 200
the-national-museum-in-poznan 200
the-national-museum-in-warsaw 200
national-palace-museum 200
national-portrait-gallery 200
national-portrait-gallery 200
national-portrait-gallery 200
nationalmuseum 200
statens-naturhistoriske-museum 200
the-nelsonatkins-museum-of-art 200
nesuhi-ertegun-collection no avatar
neuberger-museum-of-art 200
neue-galerie 200
lentos-kunstmuseum-linz 200
neue-galerie-berlin 200
neue-pinakothek 200
the-new-art-gallery-walsall 200
new-britain-museum-of-american-art 200
new-hermitage 200
new-walk-museum-and-art-gallery no avatar
newyork-historical-society 200
newark-museum 200
museumestate-of-nicholas-roerich 200
nicholas-roerich-museum 200
niko-pirosmanashvili-museum-in-mirzaani 200
nizhny-novgorod-state-art-museum 200
het-noordbrabants-museum 200
northern-norway-art-museum 200
norman-rockwell-museum 200
galerie-normand 200
north-carolina-museum-of-art 200
tuganov-museum no avatar
northumbria-university 200
norton-museum-of-art 200
norton-simon-museum 200
nostell-priory-and-parkland no avatar
nouans-cathedral 200
novgorod-state-museumreserve 200
novokuznetskiy-khudozhestvennyy-muzey no avatar
novosibirsk-state-art-museum 200
ny-carlsberg-glyptotek 200
odesa-fine-arts-museum 200
odessa-museum-of-western-and-eastern-art 200
odescalchi-palace 200
oglethorpe-university-museum-of-art 200
ohara-museum-of-art 200
olana-state-historic-site 200
gallery-oldham 200
vrubel-museum no avatar
oratorio-della-nunziatella 200
oratorio-dell-immacolatella 200
ordrupgaard 200
sicatedral-of-orihuela no avatar
osaka-city-museum 200
kunst-museum-winterthur-reinhart-am-stadtgarten no avatar
hospital-of-innocents 200
gallery-of-fine-art-in-ostrava-art-house 200
kunsthandel-p-de-boer-bv 200
cuauhnahuac-regional-museum-palacio-de-cortes 200
chateau-de-fontainebleau 200
national-palace no avatar
royal-palace-of-madrid 200
palacio-de-bellas-artes 200
palais-bourbon 200
palais-garnier 200
palais-des-beaux-arts 200
palais-des-beauxarts-de-charleroi 200
palazzo-abatellis 200
apostolic-palace no avatar
palazzo-barberini 200
palazzo-bianco 200
palazzo-citterio no avatar
palazzo-chiericati 200
galleria-colonna 200
palazzo-corsini 200
palace-of-penitenzieri 200
doges-palace 200
museum-of-palazzo-grimani 200
casino-dellaurora-pallavicini-rospigliosi no avatar
pitti-palace 200
royal-palace-of-turin 200
palazzo-rosso 200
palazzo-bianco 200
palazzo-spinola-national-gallery no avatar
palazzo-vecchio no avatar
national-museum-of-palazzo-venezia 200
zevallos-stigliano-palace no avatar
palazzo-daccursio 200
alberti-palace 200
palazzo-dei-conservatori 200
cathedral-of-san-antolin 200
palm-springs-art-museum 200
galleria-nazionale-di-parma 200
paul-melon-collection 200
paul-sacher-stiftung 200
pavillon-de-musique-du-barry 200
pavlovsk 200
peggy-guggenheim-collection 200
pennsylvania-academy-of-the-fine-arts 200
picture-gallery-named-after-ka-savitsky no avatar
pera-muzesi 200
perls-galleries 200
perm-state-art-gallery 200
peterhof 200
petitpalais no avatar
petit-palais no avatar
petworth-house-and-park 200
philadelphia-museum-of-art 200
philbrook-museum-of-art 200
the-phillips-collection 200
the-phillips-collection 200
phoenix-art-museum 200
piazza-navona 200
herrick-gallery 200
pinacoteca-diego-rivera 200
pinacoteca-giovanni-e-marella-agnelli 200
visconti-castle-civic-museums 200
pinacoteca-nazionale 200
pinacoteca-tosio-martinengo 200
paintings-gallery-of-the-vatican-museums no avatar
pinacoteca-e-museo-civico-di-volterra no avatar
pio-monte-della-misericordia no avatar
peninsula-arts-gallery 200
polakleyden-collection no avatar
muzeyzapovednik-vd-polenova 200
pommersches-landesmuseum 200
portland-museum-of-art 200
prague-castle 200
presidential-palace 200
preston-hall-museum 200
primorskaya-gosudarstvennaya-kartinnaya-galereya no avatar
princeton-university-art-museum 200
prussian-palaces-and-gardens 200
pskov-state-united-museum-of-history 200
pushkin-house 200
the-pushkin-state-museum-of-fine-arts 200
queens-museum 200
queensland-art-gallery 200
fondazione-querini-stampalia 200
rafael-coronel-collection no avatar
randers-kunstmuseum 200
raquel-m-de-espinosa-ulloa-collection 200
rasmus-meyer-collection 200
rau-pour-le-tiers-monde-foundation 200
real-academia-de-bellas-artes-de-san-fernando 200
fasori-reformatus-templom 200
historisches-museum-regensburg no avatar
rembrandt-house-museum 200
residenzgalerie 200
museo-revoltella 200
reynolda-house-museum-of-american-art 200
risd-museum-chace-center-entrance 200
galleria-darte-moderna-ricci-oddi 200
rijksmuseum 200
museu-de-arte-do-rio-grande-do-sul 200
robert-giron-collection no avatar
touchstones-rochdale 200
snijdersrockoxhuis no avatar
museum-named-after-nk-roerich 200
rolf-stenersen-collection no avatar
the-rose-art-museum 200
church-of-the-resurrection 200
rostov-regional-museum-of-fine-arts no avatar
royal-academy-of-arts 200
the-royal-castle-in-warsaw 200
royal-collection-trust 200
royal-holloway-university-of-london 200
royal-museum-of-fine-arts-antwerp 200
royal-museum-of-fine-arts-antwerp 200
royal-museums-of-fine-arts-of-belgium 200
royal-pavilion 200
rudolph-staechelin-family-foundation no avatar
russell-cotes-museum 200
russian-academy-of-sciences 200
russian-museum 200
russian-state-library 200
ryazan-state-regional-museum-of-fine-arts 200
the-rybinsk-history-architecture-and-art-museum 200
sao-paulo-museum-of-modern-art 200
galleria-sabauda no avatar
sainsbury-centre-for-visual-arts 200
saint-louis-art-museum 200
abbatiale-de-nantua 200
saintnicolas-du-chardonnet 200
eglise-saintsulpice 200
the-dali-museum 200
samarskiy-oblastnoy-khudozhestvennyy-muzey 200
samuel-fastlicht-collection no avatar
san-antonio-museum-of-art 200
the-san-diego-museum-of-art 200
chiesa-di-san-francesco-a-ripa-grande 200
san-francesco-della-vigna 200
san-francisco-art-institute 200
san-francisco-museum-of-modern-art 200
san-giorgio-maggiore 200
chiesa-san-giorgio-alla-costa 200
church-of-st-giovanni-crisostomo 200
san-giovanni-evangelista no avatar
san-giovanni-in-bragora 200
former-college-of-san-ildefonso 200
s-lorenzo-in-lucina-parrocchia 200
church-of-st-louis-of-the-french 200
basilica-di-san-martino-maggiore 200
st-pietro-martire-church 200
basilica-di-san-pietro-in-vincoli 200
chiesa-di-san-salvador 200
chiesa-di-san-stae 200
basilica-di-santa-maria-della-steccata no avatar
sanssouci-palace 200
santagostino-church 200
chiesa-di-santalessandro 200
santa-barbara-museum-of-art 200
parrocchia-santa-bibiana 200
church-of-st-catherine 200
sanctuary-of-santa-corona 200
museo-de-santa-cruz 200
basilica-dei-frari 200
agostiniani-dellassunzione 200
basilica-of-santa-maria-novella 200
santa-maria-de-montserrat-abbey no avatar
chiesa-di-santa-maria-del-carmine 200
chiesa-di-santa-maria-del-giglio no avatar
basilica-parrocchiale-santa-maria-del-popolo 200
santa-maria-della-concezione-dei-cappuccini no avatar
basilica-di-santa-maria-della-salute no avatar
chiesa-di-santa-maria-della-vittoria 200
basilica-di-maria-ss-delle-grazie 200
s-maria-in-monserrato-degli-spagnoli no avatar
parrocchia-santa-maria-in-vallicella 200
st-maria-sopra-minerva-basilica 200
church-of-saints-nazarius-and-celsus 200
santuario-dell-annunziata no avatar
scala-regia 200
schaezlerpalais 200
schleissheim-palace-complex 200
charlottenburg-palace 200
pension-appartementhaus-am-schloss 200
schloss-weissenstein no avatar
bergpark-wilhelmshohe no avatar
ucsf-emergency-department 200
scottish-national-gallery-of-modern-art-modern-one 200
scottish-national-gallery 200
tate-modern 200
scrovegni-chapel 200
scuola-grande-di-san-rocco 200
scuola-di-san-giorgio-degli-schiavoni 200
seattle-art-museum 200
secretariat-of-public-education-main-headquarters 200
serpukhov-history-and-art-museum no avatar
setagaya-art-museum 200
sevastopol-art-museum 200
catedral-de-sevilla 200
sforzesco-castle no avatar
shanghai-museum 200
schusev-state-museum-of-architecture 200
millennium-art-gallery 200
shelburne-museum 200
the-national-taras-shevchenko-museum 200
museum-of-theatre-and-music 200
sighnagi-national-museum no avatar
silberstain-collection 200
sir-john-soanes-museum 200
sistine-chapel no avatar
skagens-museum 200
skokloster-castle 200
smith-college-museum-of-art 200
smithsonian-american-art-museum 200
solomon-r-guggenheim-museum 200
somerville-manning-gallery 200
sompo-japan-nipponkoa-museum-of-art no avatar
southampton-city-art-gallery 200
the-speed-art-museum 200
spencer-museum-of-art 200
sprengel-museum 200
sri-chitra-art-gallery no avatar
eglise-saintgervais no avatar
saint-bavos-cathedral no avatar
st-cyrils-church no avatar
st-johns-cocathedral 200
st-peters-basilica no avatar
saint-peters-church 200
museum-of-theatre-and-music 200
st-stephens-basilica 200
stadel-museum 200
stadel-museum 200
national-graphic-arts-collection 200
staatliche-kunsthalle-karlsruhe 200
residenzschloss-dresden 200
staatliche-museen-zu-berlin 200
staatliches-museum-schwerin 200
staatsgalerie-stuttgart 200
stadtkirche-lutherstadt-wittenberg no avatar
state-historical-museum 200
state-historical-society-research-center 200
state-literature-museum 200
nizhny-tagil-museum-of-fine-arts 200
national-museum-of-medieval-and-modern-art 200
the-state-museum-of-oriental-art 200
state-museum-of-fine-arts-of-kyrgyzstan 200
stedelijk-museum-amsterdam 200
steven-a-cohen-collection no avatar
stolen 200
stolichny-bank-collection no avatar
mamcs no avatar
subliminal-projects 200
sudley-house 200
sudley-house 200
national-museum-in-krakow 200
art-museum no avatar
eth-zurich 200
syracuse-university 200
taft-museum-of-art 200
taganrog no avatar
taganrog-museum-of-art no avatar
takahata-art-gallery no avatar
tanenbaum-collection 200
national-museum-of-the-republic-tatarstan no avatar
national-museum-of-the-republic-tatarstan no avatar
tate-britain 200
tate-modern 200
tehran-museum-of-contemporary-art 200
tel-aviv-museum-of-art 200
malatestiano-temple 200
terra-foundation-for-american-art 200
teylers-museum 200
thielska-galleriet 200
thomas-ammann-fine-art-ag no avatar
thorvaldsens-museum 200
thyssenbornemisza-museum 200
timken-museum-of-art 200
tokyo-fuji-art-museum 200
tokyo-national-museum 200
santa-iglesia-catedral-primada-de-toledo 200
church-of-santo-tome 200
toledo-museum-of-art 200
tomskiy-oblastnoy-khudozhestvennyy-muzey 200
tony-shafrazi-gallery no avatar
zywe-muzeum-piernika 200
towneley-art-gallery-museum 200
the-state-tretyakov-gallery no avatar
cathedral no avatar
trinity-cathedral no avatar
the-holy-trinityst-sergius-lavra 200
progress-bar-by-startup-foundation 200
tula-museum-of-fine-arts 200
museum-of-eastern-art 200
museum-of-fine-arts 200
turku-art-museum 200
tverskaya-oblastnaya-kartinnaya-galereya 200
tyrolean-state-museum 200
tyumen no avatar
uffizi-gallery 200
museum-der-brotkultur 200
ulyanovsk-regional-art-museum no avatar
united-states-capitol 200
university-college-london 200
university-of-iowa-stanley-museum-of-art 200
university-of-michigan-museum-of-art 200
university-of-oslo 200
upenn 200
university-of-toronto-st-george-campus 200
uppsala-university 200
the-manor-house-care-home-bupa 200
valencia-cathedral 200
van-abbe-museum 200
van-gogh-museum 200
vancouver-art-gallery 200
vatican-secret-archives no avatar
vatican-museums no avatar
vatican-museums no avatar
victoria-and-albert-museum 200
schonbrunn-palace 200
museo-civico-villa-colloredo-mels 200
villa-farnesina no avatar
museum-villa-flora no avatar
villa-gyllenberg 200
villa-i-tatti 200
musei-di-villa-torlonia 200
violet-gershenson-collection 200
virginia-museum-of-fine-arts 200
marc-chagall-museum 200
palazzo-cini 200
vladimirsuzdal-museumreserve 200
vologda-regional-fine-art-gallery 200
von-der-heydt-museum 200
voronezh-regional-museum no avatar
vorontsov-palace no avatar
gj-nieuwenhuizen-segaar no avatar
waddesdon-manor 200
wadsworth-atheneum-museum-of-art 200
walker-art-center 200
walker-art-gallery 200
the-wallace-collection 200
wallrafrichartz-museum 200
walter-hadorn-collection 200
the-walters-art-museum 200
warsaw-university-library no avatar
washington-university-in-st-louis 200
frederick-r-weisman-art-museum 200
west-dean-college-of-arts-and-conservation 200
westminster-abbey 200
whistler-house-museum-of-art 200
the-white-house 200
whitney-museum-of-american-art 200
the-whitworth 200
wichita-art-museum 200
william-benton-museum-of-art 200
the-nelsonatkins-museum-of-art 200
wilton-house 200
windsor-castle no avatar
winterthur 200
koekizaidan-hojin-uddowan-museum 200
worcester-city-art-gallery-and-museum 200
austrian-gallery-belvedere 200
yale-center-for-british-art 200
yale-university-art-gallery 200
yaroslavl-art-museum no avatar
yokohama-museum-shop 200
york-art-gallery 200
hiromiyoshii-gallery 200
zanesville-museum-of-art 200
zentrum-paul-klee 200
zimmerli-art-museum-rutgers-university 200
zorn-collections 200
national-school-of-fine-arts 200
mk-ciurlionis-museum-of-art 200
lancut-castle 200
